<?xml version="1.0" encoding="UTF-8"?>
<testsuite name="br.com.moip.jcurtain.JCurtainTest" tests="4" skipped="0" failures="0" errors="0" timestamp="2016-05-11T15:06:24" hostname="protti" time="0.324">
  <properties/>
  <testcase name="returnsFalseOnZeroPercent" classname="br.com.moip.jcurtain.JCurtainTest" time="0.32"/>
  <testcase name="returnsFalseOnUnlistedUser" classname="br.com.moip.jcurtain.JCurtainTest" time="0.002"/>
  <testcase name="returnsTrueOnListedUser" classname="br.com.moip.jcurtain.JCurtainTest" time="0.0"/>
  <testcase name="returnsTrueOnOneHundredPercent" classname="br.com.moip.jcurtain.JCurtainTest" time="0.0"/>
  <system-out><![CDATA[]]></system-out>
  <system-err><![CDATA[]]></system-err>
</testsuite>
